Using pre-set license
Built from '2022.3/release' branch; Version is '2022.3.12f1 (4fe6e059c7ef) revision 5236448'; Using compiler version '192829333'; Build Type 'Release'
OS: 'Windows 10  (10.0.19045) 64bit Professional' Language: 'en' Physical Memory: 32714 MB
BatchMode: 1, IsHumanControllingUs: 0, StartBugReporterOnCrash: 0, Is64bit: 1, IsPro: 1

COMMAND LINE ARGUMENTS:
C:\Program Files\Unity\Hub\Editor\2022.3.12f1\Editor\Unity.exe
-adb2
-batchMode
-noUpm
-name
AssetImportWorker8
-projectPath
C:/Users/Ty/Desktop/unity magd/PersonalGame/Top-Down camera
-logFile
Logs/AssetImportWorker8.log
-srvPort
49330
Successfully changed project path to: C:/Users/Ty/Desktop/unity magd/PersonalGame/Top-Down camera
C:/Users/Ty/Desktop/unity magd/PersonalGame/Top-Down camera
[UnityMemory] Configuration Parameters - Can be set up in boot.config
    "memorysetup-bucket-allocator-granularity=16"
    "memorysetup-bucket-allocator-bucket-count=8"
    "memorysetup-bucket-allocator-block-size=33554432"
    "memorysetup-bucket-allocator-block-count=8"
    "memorysetup-main-allocator-block-size=16777216"
    "memorysetup-thread-allocator-block-size=16777216"
    "memorysetup-gfx-main-allocator-block-size=16777216"
    "memorysetup-gfx-thread-allocator-block-size=16777216"
    "memorysetup-cache-allocator-block-size=4194304"
    "memorysetup-typetree-allocator-block-size=2097152"
    "memorysetup-profiler-bucket-allocator-granularity=16"
    "memorysetup-profiler-bucket-allocator-bucket-count=8"
    "memorysetup-profiler-bucket-allocator-block-size=33554432"
    "memorysetup-profiler-bucket-allocator-block-count=8"
    "memorysetup-profiler-allocator-block-size=16777216"
    "memorysetup-profiler-editor-allocator-block-size=1048576"
    "memorysetup-temp-allocator-size-main=16777216"
    "memorysetup-job-temp-allocator-block-size=2097152"
    "memorysetup-job-temp-allocator-block-size-background=1048576"
    "memorysetup-job-temp-allocator-reduction-small-platforms=262144"
    "memorysetup-allocator-temp-initial-block-size-main=262144"
    "memorysetup-allocator-temp-initial-block-size-worker=262144"
    "memorysetup-temp-allocator-size-background-worker=32768"
    "memorysetup-temp-allocator-size-job-worker=262144"
    "memorysetup-temp-allocator-size-preload-manager=33554432"
    "memorysetup-temp-allocator-size-nav-mesh-worker=65536"
    "memorysetup-temp-allocator-size-audio-worker=65536"
    "memorysetup-temp-allocator-size-cloud-worker=32768"
    "memorysetup-temp-allocator-size-gi-baking-worker=262144"
    "memorysetup-temp-allocator-size-gfx=262144"
Player connection [12844] Host "[IP] 140.146.95.13 [Port] 0 [Flags] 2 [Guid] 19028388 [EditorId] 19028388 [Version] 1048832 [Id] WindowsEditor(7,DESKTOP-BJT2QPS) [Debug] 1 [PackageName] WindowsEditor [ProjectName] Editor" joined multi-casting on [225.0.0.222:54997]...

Player connection [12844] Host "[IP] 140.146.95.13 [Port] 0 [Flags] 2 [Guid] 19028388 [EditorId] 19028388 [Version] 1048832 [Id] WindowsEditor(7,DESKTOP-BJT2QPS) [Debug] 1 [PackageName] WindowsEditor [ProjectName] Editor" joined alternative multi-casting on [225.0.0.222:34997]...

[Physics::Module] Initialized MultithreadedJobDispatcher with 23 workers.
Refreshing native plugins compatible for Editor in 19.67 ms, found 3 plugins.
Preloading 0 native plugins for Editor in 0.00 ms.
Initialize engine version: 2022.3.12f1 (4fe6e059c7ef)
[Subsystems] Discovering subsystems at path C:/Program Files/Unity/Hub/Editor/2022.3.12f1/Editor/Data/Resources/UnitySubsystems
[Subsystems] Discovering subsystems at path C:/Users/Ty/Desktop/unity magd/PersonalGame/Top-Down camera/Assets
GfxDevice: creating device client; threaded=0; jobified=0
Direct3D:
    Version:  Direct3D 11.0 [level 11.1]
    Renderer: AMD Radeon RX 6600 XT (ID=0x73ff)
    Vendor:   ATI
    VRAM:     8147 MB
    Driver:   31.0.22023.1014
Initialize mono
Mono path[0] = 'C:/Program Files/Unity/Hub/Editor/2022.3.12f1/Editor/Data/Managed'
Mono path[1] = 'C:/Program Files/Unity/Hub/Editor/2022.3.12f1/Editor/Data/MonoBleedingEdge/lib/mono/unityjit-win32'
Mono config path = 'C:/Program Files/Unity/Hub/Editor/2022.3.12f1/Editor/Data/MonoBleedingEdge/etc'
Using monoOptions --debugger-agent=transport=dt_socket,embedding=1,server=y,suspend=n,address=127.0.0.1:56516
Begin MonoManager ReloadAssembly
Registering precompiled unity dll's ...
Register platform support module: C:/Program Files/Unity/Hub/Editor/2022.3.12f1/Editor/Data/PlaybackEngines/WindowsStandaloneSupport/UnityEditor.WindowsStandalone.Extensions.dll
Registered in 0.010292 seconds.
- Loaded All Assemblies, in  0.433 seconds
Native extension for WindowsStandalone target not found
Mono: successfully reloaded assembly
- Finished resetting the current domain, in  0.294 seconds
Domain Reload Profiling: 724ms
	BeginReloadAssembly (131ms)
		ExecutionOrderSort (0ms)
		DisableScriptedObjects (0ms)
		BackupInstance (0ms)
		ReleaseScriptingObjects (0ms)
		CreateAndSetChildDomain (1ms)
	RebuildCommonClasses (43ms)
	RebuildNativeTypeToScriptingClass (15ms)
	initialDomainReloadingComplete (72ms)
	LoadAllAssembliesAndSetupDomain (169ms)
		LoadAssemblies (128ms)
		RebuildTransferFunctionScriptingTraits (0ms)
		AnalyzeDomain (167ms)
			TypeCache.Refresh (165ms)
				TypeCache.ScanAssembly (151ms)
			ScanForSourceGeneratedMonoScriptInfo (1ms)
			ResolveRequiredComponents (0ms)
	FinalizeReload (294ms)
		ReleaseScriptCaches (0ms)
		RebuildScriptCaches (0ms)
		SetupLoadedEditorAssemblies (223ms)
			LogAssemblyErrors (0ms)
			InitializePlatformSupportModulesInManaged (12ms)
			SetLoadedEditorAssemblies (10ms)
			RefreshPlugins (0ms)
			BeforeProcessingInitializeOnLoad (3ms)
			ProcessInitializeOnLoadAttributes (141ms)
			ProcessInitializeOnLoadMethodAttributes (57ms)
			AfterProcessingInitializeOnLoad (0ms)
			EditorAssembliesLoaded (0ms)
		ExecutionOrderSort2 (0ms)
		AwakeInstancesAfterBackupRestoration (0ms)
========================================================================
Worker process is ready to serve import requests
Begin MonoManager ReloadAssembly
- Loaded All Assemblies, in  0.768 seconds
Refreshing native plugins compatible for Editor in 6.01 ms, found 3 plugins.
Native extension for WindowsStandalone target not found
Package Manager log level set to [2]
[Package Manager] Server::EnsureServerProcessIsRunning -- launch failed, reason: Unity was launched with the -noUpm command-line argument
[Package Manager] UpmClient::Send -- Unable to send message (not connected to UPM process).
[Package Manager] Cannot connect to Unity Package Manager local server
Mono: successfully reloaded assembly
- Finished resetting the current domain, in  0.730 seconds
Domain Reload Profiling: 1494ms
	BeginReloadAssembly (172ms)
		ExecutionOrderSort (0ms)
		DisableScriptedObjects (6ms)
		BackupInstance (0ms)
		ReleaseScriptingObjects (0ms)
		CreateAndSetChildDomain (26ms)
	RebuildCommonClasses (46ms)
	RebuildNativeTypeToScriptingClass (15ms)
	initialDomainReloadingComplete (55ms)
	LoadAllAssembliesAndSetupDomain (475ms)
		LoadAssemblies (357ms)
		RebuildTransferFunctionScriptingTraits (0ms)
		AnalyzeDomain (213ms)
			TypeCache.Refresh (188ms)
				TypeCache.ScanAssembly (173ms)
			ScanForSourceGeneratedMonoScriptInfo (16ms)
			ResolveRequiredComponents (7ms)
	FinalizeReload (730ms)
		ReleaseScriptCaches (0ms)
		RebuildScriptCaches (0ms)
		SetupLoadedEditorAssemblies (547ms)
			LogAssemblyErrors (0ms)
			InitializePlatformSupportModulesInManaged (6ms)
			SetLoadedEditorAssemblies (5ms)
			RefreshPlugins (0ms)
			BeforeProcessingInitializeOnLoad (75ms)
			ProcessInitializeOnLoadAttributes (429ms)
			ProcessInitializeOnLoadMethodAttributes (23ms)
			AfterProcessingInitializeOnLoad (10ms)
			EditorAssembliesLoaded (0ms)
		ExecutionOrderSort2 (0ms)
		AwakeInstancesAfterBackupRestoration (6ms)
Launched and connected shader compiler UnityShaderCompiler.exe after 0.05 seconds
Refreshing native plugins compatible for Editor in 5.42 ms, found 3 plugins.
Preloading 0 native plugins for Editor in 0.00 ms.
Unloading 3293 Unused Serialized files (Serialized files now loaded: 0)
Unloading 56 unused Assets / (136.2 KB). Loaded Objects now: 3763.
Memory consumption went from 136.5 MB to 136.3 MB.
Total: 5.128400 ms (FindLiveObjects: 0.482300 ms CreateObjectMapping: 0.121400 ms MarkObjects: 4.295300 ms  DeleteObjects: 0.227600 ms)

AssetImportParameters requested are different than current active one (requested -> active):
  custom:container-demuxer-ogg: 62fdf1f143b41e24485cea50d1cbac27 -> 
  custom:video-decoder-ogg-theora: a1e56fd34408186e4bbccfd4996cb3dc -> 
  custom:framework-win-MediaFoundation: 216162199b28c13a410421893ffa2e32 -> 
  custom:CustomObjectIndexerAttribute: 756ad292c208cfabdd7b50bc23989ffe -> 
  custom:container-demuxer-webm: 4f35f7cbe854078d1ac9338744f61a02 -> 
  custom:container-muxer-webm: aa71ff27fc2769a1b78a27578f13a17b -> 
  custom:video-decoder-webm-vp8: 9c59270c3fd7afecdb556c50c9e8de78 -> 
  custom:SearchIndexIgnoredProperties: e643bd26f0fe6173181afceb89e7c659 -> 
  custom:AudioImporter_EditorPlatform: d09bf68614088b80899f8185d706f6e7 -> 
  custom:video-encoder-webm-vp8: eb34c28f22e8b96e1ab97ce403110664 -> 
  custom:audio-decoder-ogg-vorbis: bf7c407c2cedff20999df2af8eb42d56 -> 
  custom:audio-encoder-webm-vorbis: bf7c407c2cedff20999df2af8eb42d56 -> 
========================================================================
Received Import Request.
  Time since last request: 37564.627079 seconds.
  path: Assets/TerrainData/TerrainData_a9bc00e1-3811-4fe8-b120-25eda79cd969.asset
  artifactKey: Guid(77968886c74a3b444a1e819bad082c0e) Importer(815301076,1909f56bfc062723c751e8b465ee728b)
Start importing Assets/TerrainData/TerrainData_a9bc00e1-3811-4fe8-b120-25eda79cd969.asset using Guid(77968886c74a3b444a1e819bad082c0e) Importer(815301076,1909f56bfc062723c751e8b465ee728b)  -> (artifact id: 'b8dd9c379bae27ddca7b7ca45e3c81af') in 0.089199 seconds
Number of updated asset objects reloaded before import = 0
Number of asset objects unloaded after import = 3
========================================================================
Received Import Request.
  Time since last request: 0.000017 seconds.
  path: Assets/TerrainData/TerrainData_690c6464-10e4-4e7a-8a1c-2640712838a7.asset
  artifactKey: Guid(1bf33883d66d36a4b89eccfd5d5c90dc) Importer(815301076,1909f56bfc062723c751e8b465ee728b)
Start importing Assets/TerrainData/TerrainData_690c6464-10e4-4e7a-8a1c-2640712838a7.asset using Guid(1bf33883d66d36a4b89eccfd5d5c90dc) Importer(815301076,1909f56bfc062723c751e8b465ee728b)  -> (artifact id: 'e37f17c4c0c204de443c44e68fa3526f') in 0.025641 seconds
Number of updated asset objects reloaded before import = 0
Number of asset objects unloaded after import = 3
========================================================================
Received Import Request.
  Time since last request: 0.000026 seconds.
  path: Assets/TerrainData/TerrainData_1799800a-aee2-4f3c-832b-16b2accbb53f.asset
  artifactKey: Guid(219aa90497a53e34c923da40210d4798) Importer(815301076,1909f56bfc062723c751e8b465ee728b)
Start importing Assets/TerrainData/TerrainData_1799800a-aee2-4f3c-832b-16b2accbb53f.asset using Guid(219aa90497a53e34c923da40210d4798) Importer(815301076,1909f56bfc062723c751e8b465ee728b)  -> (artifact id: '041c18ca8ab9ff198f900a2b52740e57') in 0.024328 seconds
Number of updated asset objects reloaded before import = 0
Number of asset objects unloaded after import = 3
========================================================================
Received Import Request.
  Time since last request: 0.000030 seconds.
  path: Assets/TerrainData/TerrainData_c3df8d38-8d49-41ee-8728-4a84bc2669f9.asset
  artifactKey: Guid(3552b0573b7296c40b1c9643f8b06faf) Importer(815301076,1909f56bfc062723c751e8b465ee728b)
Start importing Assets/TerrainData/TerrainData_c3df8d38-8d49-41ee-8728-4a84bc2669f9.asset using Guid(3552b0573b7296c40b1c9643f8b06faf) Importer(815301076,1909f56bfc062723c751e8b465ee728b)  -> (artifact id: 'c8e221e57a438662d746cb2845008972') in 0.016047 seconds
Number of updated asset objects reloaded before import = 0
Number of asset objects unloaded after import = 3
========================================================================
Received Import Request.
  Time since last request: 0.000030 seconds.
  path: Assets/TerrainData/TerrainData_df692ea1-bba0-4c5f-ba48-8923202eb092.asset
  artifactKey: Guid(f0f3f83042c33e8409d36ebc8821a320) Importer(815301076,1909f56bfc062723c751e8b465ee728b)
Start importing Assets/TerrainData/TerrainData_df692ea1-bba0-4c5f-ba48-8923202eb092.asset using Guid(f0f3f83042c33e8409d36ebc8821a320) Importer(815301076,1909f56bfc062723c751e8b465ee728b)  -> (artifact id: 'b66d9749f2df06526e51f786fdfcdef5') in 0.015023 seconds
Number of updated asset objects reloaded before import = 0
Number of asset objects unloaded after import = 3
========================================================================
Received Import Request.
  Time since last request: 0.000026 seconds.
  path: Assets/TerrainData/TerrainData_b34f64ba-abbe-4438-905b-f7db9b561a5c.asset
  artifactKey: Guid(5966657c98f638d4f8239c53d662c70b) Importer(815301076,1909f56bfc062723c751e8b465ee728b)
Start importing Assets/TerrainData/TerrainData_b34f64ba-abbe-4438-905b-f7db9b561a5c.asset using Guid(5966657c98f638d4f8239c53d662c70b) Importer(815301076,1909f56bfc062723c751e8b465ee728b)  -> (artifact id: 'f5036a5339d47d93e51c09db8c165ff5') in 0.018797 seconds
Number of updated asset objects reloaded before import = 0
Number of asset objects unloaded after import = 3
========================================================================
Received Import Request.
  Time since last request: 0.000019 seconds.
  path: Assets/TerrainData/TerrainData_da767e96-b66d-458b-b434-30457c367fd8.asset
  artifactKey: Guid(9ba6f5f570e30b24d8df7c502324fb49) Importer(815301076,1909f56bfc062723c751e8b465ee728b)
Start importing Assets/TerrainData/TerrainData_da767e96-b66d-458b-b434-30457c367fd8.asset using Guid(9ba6f5f570e30b24d8df7c502324fb49) Importer(815301076,1909f56bfc062723c751e8b465ee728b)  -> (artifact id: 'fe9edd79bfe37779cda0c30636b8f8a0') in 0.019589 seconds
Number of updated asset objects reloaded before import = 0
Number of asset objects unloaded after import = 3
========================================================================
Received Import Request.
  Time since last request: 0.000029 seconds.
  path: Assets/TerrainData/TerrainData_752b576f-32dc-48a8-ae50-e2c6a2e7a6c6.asset
  artifactKey: Guid(530bc3514b21d5545be4a487f2511176) Importer(815301076,1909f56bfc062723c751e8b465ee728b)
Start importing Assets/TerrainData/TerrainData_752b576f-32dc-48a8-ae50-e2c6a2e7a6c6.asset using Guid(530bc3514b21d5545be4a487f2511176) Importer(815301076,1909f56bfc062723c751e8b465ee728b)  -> (artifact id: '13e18fb3d9add798f293ee9ed84841a6') in 0.019913 seconds
Number of updated asset objects reloaded before import = 0
Number of asset objects unloaded after import = 3
========================================================================
Received Import Request.
  Time since last request: 0.000024 seconds.
  path: Assets/TerrainData/TerrainData_1124bc7c-0e5c-489d-bfff-f1fd44280b2e.asset
  artifactKey: Guid(e9a82dc1e670842418d84b4a7c705bbf) Importer(815301076,1909f56bfc062723c751e8b465ee728b)
Start importing Assets/TerrainData/TerrainData_1124bc7c-0e5c-489d-bfff-f1fd44280b2e.asset using Guid(e9a82dc1e670842418d84b4a7c705bbf) Importer(815301076,1909f56bfc062723c751e8b465ee728b)  -> (artifact id: 'd2c971612211108ad21b6710bdd8fa76') in 0.020722 seconds
Number of updated asset objects reloaded before import = 0
Number of asset objects unloaded after import = 3
========================================================================
Received Import Request.
  Time since last request: 0.000017 seconds.
  path: Assets/TerrainData/TerrainData_eddeadfa-1954-46cb-b2c9-5e7dcb901474.asset
  artifactKey: Guid(1bf634ae70958144686bc4e227eb1559) Importer(815301076,1909f56bfc062723c751e8b465ee728b)
Start importing Assets/TerrainData/TerrainData_eddeadfa-1954-46cb-b2c9-5e7dcb901474.asset using Guid(1bf634ae70958144686bc4e227eb1559) Importer(815301076,1909f56bfc062723c751e8b465ee728b)  -> (artifact id: 'e2351e6ed52b92874616fbc68bcd5565') in 0.014676 seconds
Number of updated asset objects reloaded before import = 0
Number of asset objects unloaded after import = 3
========================================================================
Received Import Request.
  Time since last request: 0.480720 seconds.
  path: Assets/TerrainData/TerrainData_d8e0505e-6872-4036-bb50-3397f1eb639f.asset
  artifactKey: Guid(8a87a24ad9a99bf43a5114511fb530f7) Importer(815301076,1909f56bfc062723c751e8b465ee728b)
Start importing Assets/TerrainData/TerrainData_d8e0505e-6872-4036-bb50-3397f1eb639f.asset using Guid(8a87a24ad9a99bf43a5114511fb530f7) Importer(815301076,1909f56bfc062723c751e8b465ee728b)  -> (artifact id: '901730e730bc7721b834d922515cfc59') in 0.013520 seconds
Number of updated asset objects reloaded before import = 0
Number of asset objects unloaded after import = 3
========================================================================
Received Import Request.
  Time since last request: 0.051586 seconds.
  path: Assets/TerrainData/TerrainData_4b71b895-2af2-4498-9742-8b6efafa6601.asset
  artifactKey: Guid(eb06d449d480f5c4ba640c53d4524698) Importer(815301076,1909f56bfc062723c751e8b465ee728b)
Start importing Assets/TerrainData/TerrainData_4b71b895-2af2-4498-9742-8b6efafa6601.asset using Guid(eb06d449d480f5c4ba640c53d4524698) Importer(815301076,1909f56bfc062723c751e8b465ee728b)  -> (artifact id: 'ed0bc16fa4286cf5381e38bc5d71a592') in 0.014034 seconds
Number of updated asset objects reloaded before import = 0
Number of asset objects unloaded after import = 3
========================================================================
Received Import Request.
  Time since last request: 0.000015 seconds.
  path: Assets/TerrainData/TerrainData_6e2305a5-185e-4d18-8d55-acada9d6e542.asset
  artifactKey: Guid(792c7cf77b883f747becd31cbb8847b5) Importer(815301076,1909f56bfc062723c751e8b465ee728b)
Start importing Assets/TerrainData/TerrainData_6e2305a5-185e-4d18-8d55-acada9d6e542.asset using Guid(792c7cf77b883f747becd31cbb8847b5) Importer(815301076,1909f56bfc062723c751e8b465ee728b)  -> (artifact id: '44da7fd4d414197c4f6890c8073d0820') in 0.012396 seconds
Number of updated asset objects reloaded before import = 0
Number of asset objects unloaded after import = 3
========================================================================
Received Import Request.
  Time since last request: 0.220831 seconds.
  path: Assets/TerrainData/TerrainData_6c05201e-16e2-4ff8-a245-095e92f0915e.asset
  artifactKey: Guid(4efc2ab89d3730f4583a22a5e529a627) Importer(815301076,1909f56bfc062723c751e8b465ee728b)
Start importing Assets/TerrainData/TerrainData_6c05201e-16e2-4ff8-a245-095e92f0915e.asset using Guid(4efc2ab89d3730f4583a22a5e529a627) Importer(815301076,1909f56bfc062723c751e8b465ee728b)  -> (artifact id: 'deea624f72273cb201165794fc140775') in 0.014603 seconds
Number of updated asset objects reloaded before import = 0
Number of asset objects unloaded after import = 3
========================================================================
Received Import Request.
  Time since last request: 0.000019 seconds.
  path: Assets/TerrainData/TerrainData_0c841a23-2847-41d1-8e7d-b0a49bfcf55a.asset
  artifactKey: Guid(895c42d5c877f094d86e1fd8256d557b) Importer(815301076,1909f56bfc062723c751e8b465ee728b)
Start importing Assets/TerrainData/TerrainData_0c841a23-2847-41d1-8e7d-b0a49bfcf55a.asset using Guid(895c42d5c877f094d86e1fd8256d557b) Importer(815301076,1909f56bfc062723c751e8b465ee728b)  -> (artifact id: '23a0f40594ec6b85ff779b619602c8b4') in 0.013448 seconds
Number of updated asset objects reloaded before import = 0
Number of asset objects unloaded after import = 3
========================================================================
Received Import Request.
  Time since last request: 0.028791 seconds.
  path: Assets/TerrainData/TerrainData_00f521ce-0449-40f8-b576-e7fef7bba268.asset
  artifactKey: Guid(5477abd0acb488a478e5b62a29d15787) Importer(815301076,1909f56bfc062723c751e8b465ee728b)
Start importing Assets/TerrainData/TerrainData_00f521ce-0449-40f8-b576-e7fef7bba268.asset using Guid(5477abd0acb488a478e5b62a29d15787) Importer(815301076,1909f56bfc062723c751e8b465ee728b)  -> (artifact id: 'cb713f1e46a229b70ae86321faea51e8') in 0.022287 seconds
Number of updated asset objects reloaded before import = 0
Number of asset objects unloaded after import = 3
========================================================================
Received Import Request.
  Time since last request: 0.000021 seconds.
  path: Assets/TerrainData/TerrainData_1af6d606-b134-4611-8761-5d82a1fda3ec.asset
  artifactKey: Guid(b9495084e8fc85948ae833e0c54686f3) Importer(815301076,1909f56bfc062723c751e8b465ee728b)
Start importing Assets/TerrainData/TerrainData_1af6d606-b134-4611-8761-5d82a1fda3ec.asset using Guid(b9495084e8fc85948ae833e0c54686f3) Importer(815301076,1909f56bfc062723c751e8b465ee728b)  -> (artifact id: 'ea50e6b6a6e3bb6959c57578c20039e0') in 0.015025 seconds
Number of updated asset objects reloaded before import = 0
Number of asset objects unloaded after import = 3
========================================================================
Received Import Request.
  Time since last request: 0.221947 seconds.
  path: Assets/TerrainData/TerrainData_49b20abf-dbf2-48fd-b6c7-d72fbbb25493.asset
  artifactKey: Guid(1f90f2dd898ea0b44a81e682ba5d47c3) Importer(815301076,1909f56bfc062723c751e8b465ee728b)
Start importing Assets/TerrainData/TerrainData_49b20abf-dbf2-48fd-b6c7-d72fbbb25493.asset using Guid(1f90f2dd898ea0b44a81e682ba5d47c3) Importer(815301076,1909f56bfc062723c751e8b465ee728b)  -> (artifact id: 'c2ec38c514b7c466f3ef77b97c2d889b') in 0.014471 seconds
Number of updated asset objects reloaded before import = 0
Number of asset objects unloaded after import = 3
========================================================================
Received Import Request.
  Time since last request: 0.000023 seconds.
  path: Assets/TerrainData/TerrainData_105f8e6a-1fc6-4d28-b584-a50f58bcacb3.asset
  artifactKey: Guid(163ea0671fb437344ab741c76c698575) Importer(815301076,1909f56bfc062723c751e8b465ee728b)
Start importing Assets/TerrainData/TerrainData_105f8e6a-1fc6-4d28-b584-a50f58bcacb3.asset using Guid(163ea0671fb437344ab741c76c698575) Importer(815301076,1909f56bfc062723c751e8b465ee728b)  -> (artifact id: '8cc4a5c3e1380242a5b90b2cb0b0be94') in 0.013777 seconds
Number of updated asset objects reloaded before import = 0
Number of asset objects unloaded after import = 3
========================================================================
Received Import Request.
  Time since last request: 0.027312 seconds.
  path: Assets/TerrainData/TerrainData_97d8ff0a-f70f-4d14-b631-aa402905e715.asset
  artifactKey: Guid(843bc7a59522d8b4eb75e8e729429086) Importer(815301076,1909f56bfc062723c751e8b465ee728b)
Start importing Assets/TerrainData/TerrainData_97d8ff0a-f70f-4d14-b631-aa402905e715.asset using Guid(843bc7a59522d8b4eb75e8e729429086) Importer(815301076,1909f56bfc062723c751e8b465ee728b)  -> (artifact id: 'f5f2f8e8377766821477b12ae85522a3') in 0.011507 seconds
Number of updated asset objects reloaded before import = 0
Number of asset objects unloaded after import = 3
========================================================================
Received Import Request.
  Time since last request: 0.007106 seconds.
  path: Assets/TerrainData/TerrainData_7cc624ea-1ebc-4039-aef8-3eff528446fa.asset
  artifactKey: Guid(84e8fd1feaf3bf64981fa06fa02e03cd) Importer(815301076,1909f56bfc062723c751e8b465ee728b)
Start importing Assets/TerrainData/TerrainData_7cc624ea-1ebc-4039-aef8-3eff528446fa.asset using Guid(84e8fd1feaf3bf64981fa06fa02e03cd) Importer(815301076,1909f56bfc062723c751e8b465ee728b)  -> (artifact id: 'cb29871556104f0880634718eade107b') in 0.019270 seconds
Number of updated asset objects reloaded before import = 0
Number of asset objects unloaded after import = 3
Editor requested this worker to shutdown with reason: Scaling down because of idle timeout
TcpMessagingSession - receive error: operation aborted. errorcode: 995, details: The I/O operation has been aborted because of either a thread exit or an application request.
AssetImportWorker is now disconnected from the server
Process exiting
Exiting without the bug reporter. Application will terminate with return code 0