Using pre-set license
Built from '2022.3/release' branch; Version is '2022.3.12f1 (4fe6e059c7ef) revision 5236448'; Using compiler version '192829333'; Build Type 'Release'
OS: 'Windows 10  (10.0.19045) 64bit Professional' Language: 'en' Physical Memory: 32714 MB
BatchMode: 1, IsHumanControllingUs: 0, StartBugReporterOnCrash: 0, Is64bit: 1, IsPro: 1

COMMAND LINE ARGUMENTS:
C:\Program Files\Unity\Hub\Editor\2022.3.12f1\Editor\Unity.exe
-adb2
-batchMode
-noUpm
-name
AssetImportWorker9
-projectPath
C:/Users/Ty/Desktop/unity magd/PersonalGame/Top-Down camera
-logFile
Logs/AssetImportWorker9.log
-srvPort
49330
Successfully changed project path to: C:/Users/Ty/Desktop/unity magd/PersonalGame/Top-Down camera
C:/Users/Ty/Desktop/unity magd/PersonalGame/Top-Down camera
[UnityMemory] Configuration Parameters - Can be set up in boot.config
    "memorysetup-bucket-allocator-granularity=16"
    "memorysetup-bucket-allocator-bucket-count=8"
    "memorysetup-bucket-allocator-block-size=33554432"
    "memorysetup-bucket-allocator-block-count=8"
    "memorysetup-main-allocator-block-size=16777216"
    "memorysetup-thread-allocator-block-size=16777216"
    "memorysetup-gfx-main-allocator-block-size=16777216"
    "memorysetup-gfx-thread-allocator-block-size=16777216"
    "memorysetup-cache-allocator-block-size=4194304"
    "memorysetup-typetree-allocator-block-size=2097152"
    "memorysetup-profiler-bucket-allocator-granularity=16"
    "memorysetup-profiler-bucket-allocator-bucket-count=8"
    "memorysetup-profiler-bucket-allocator-block-size=33554432"
    "memorysetup-profiler-bucket-allocator-block-count=8"
    "memorysetup-profiler-allocator-block-size=16777216"
    "memorysetup-profiler-editor-allocator-block-size=1048576"
    "memorysetup-temp-allocator-size-main=16777216"
    "memorysetup-job-temp-allocator-block-size=2097152"
    "memorysetup-job-temp-allocator-block-size-background=1048576"
    "memorysetup-job-temp-allocator-reduction-small-platforms=262144"
    "memorysetup-allocator-temp-initial-block-size-main=262144"
    "memorysetup-allocator-temp-initial-block-size-worker=262144"
    "memorysetup-temp-allocator-size-background-worker=32768"
    "memorysetup-temp-allocator-size-job-worker=262144"
    "memorysetup-temp-allocator-size-preload-manager=33554432"
    "memorysetup-temp-allocator-size-nav-mesh-worker=65536"
    "memorysetup-temp-allocator-size-audio-worker=65536"
    "memorysetup-temp-allocator-size-cloud-worker=32768"
    "memorysetup-temp-allocator-size-gi-baking-worker=262144"
    "memorysetup-temp-allocator-size-gfx=262144"
Player connection [19964] Host "[IP] 140.146.95.13 [Port] 0 [Flags] 2 [Guid] 3516188109 [EditorId] 3516188109 [Version] 1048832 [Id] WindowsEditor(7,DESKTOP-BJT2QPS) [Debug] 1 [PackageName] WindowsEditor [ProjectName] Editor" joined multi-casting on [225.0.0.222:54997]...

Player connection [19964] Host "[IP] 140.146.95.13 [Port] 0 [Flags] 2 [Guid] 3516188109 [EditorId] 3516188109 [Version] 1048832 [Id] WindowsEditor(7,DESKTOP-BJT2QPS) [Debug] 1 [PackageName] WindowsEditor [ProjectName] Editor" joined alternative multi-casting on [225.0.0.222:34997]...

[Physics::Module] Initialized MultithreadedJobDispatcher with 23 workers.
Refreshing native plugins compatible for Editor in 19.07 ms, found 3 plugins.
Preloading 0 native plugins for Editor in 0.00 ms.
Initialize engine version: 2022.3.12f1 (4fe6e059c7ef)
[Subsystems] Discovering subsystems at path C:/Program Files/Unity/Hub/Editor/2022.3.12f1/Editor/Data/Resources/UnitySubsystems
[Subsystems] Discovering subsystems at path C:/Users/Ty/Desktop/unity magd/PersonalGame/Top-Down camera/Assets
GfxDevice: creating device client; threaded=0; jobified=0
Direct3D:
    Version:  Direct3D 11.0 [level 11.1]
    Renderer: AMD Radeon RX 6600 XT (ID=0x73ff)
    Vendor:   ATI
    VRAM:     8147 MB
    Driver:   31.0.22023.1014
Initialize mono
Mono path[0] = 'C:/Program Files/Unity/Hub/Editor/2022.3.12f1/Editor/Data/Managed'
Mono path[1] = 'C:/Program Files/Unity/Hub/Editor/2022.3.12f1/Editor/Data/MonoBleedingEdge/lib/mono/unityjit-win32'
Mono config path = 'C:/Program Files/Unity/Hub/Editor/2022.3.12f1/Editor/Data/MonoBleedingEdge/etc'
Using monoOptions --debugger-agent=transport=dt_socket,embedding=1,server=y,suspend=n,address=127.0.0.1:56156
Begin MonoManager ReloadAssembly
Registering precompiled unity dll's ...
Register platform support module: C:/Program Files/Unity/Hub/Editor/2022.3.12f1/Editor/Data/PlaybackEngines/WindowsStandaloneSupport/UnityEditor.WindowsStandalone.Extensions.dll
Registered in 0.011923 seconds.
- Loaded All Assemblies, in  0.443 seconds
Native extension for WindowsStandalone target not found
Mono: successfully reloaded assembly
- Finished resetting the current domain, in  0.301 seconds
Domain Reload Profiling: 742ms
	BeginReloadAssembly (136ms)
		ExecutionOrderSort (0ms)
		DisableScriptedObjects (0ms)
		BackupInstance (0ms)
		ReleaseScriptingObjects (0ms)
		CreateAndSetChildDomain (1ms)
	RebuildCommonClasses (47ms)
	RebuildNativeTypeToScriptingClass (15ms)
	initialDomainReloadingComplete (70ms)
	LoadAllAssembliesAndSetupDomain (172ms)
		LoadAssemblies (133ms)
		RebuildTransferFunctionScriptingTraits (0ms)
		AnalyzeDomain (170ms)
			TypeCache.Refresh (168ms)
				TypeCache.ScanAssembly (153ms)
			ScanForSourceGeneratedMonoScriptInfo (0ms)
			ResolveRequiredComponents (1ms)
	FinalizeReload (301ms)
		ReleaseScriptCaches (0ms)
		RebuildScriptCaches (0ms)
		SetupLoadedEditorAssemblies (230ms)
			LogAssemblyErrors (0ms)
			InitializePlatformSupportModulesInManaged (11ms)
			SetLoadedEditorAssemblies (9ms)
			RefreshPlugins (0ms)
			BeforeProcessingInitializeOnLoad (3ms)
			ProcessInitializeOnLoadAttributes (151ms)
			ProcessInitializeOnLoadMethodAttributes (56ms)
			AfterProcessingInitializeOnLoad (0ms)
			EditorAssembliesLoaded (0ms)
		ExecutionOrderSort2 (0ms)
		AwakeInstancesAfterBackupRestoration (0ms)
========================================================================
Worker process is ready to serve import requests
Begin MonoManager ReloadAssembly
- Loaded All Assemblies, in  0.782 seconds
Refreshing native plugins compatible for Editor in 6.62 ms, found 3 plugins.
Native extension for WindowsStandalone target not found
Package Manager log level set to [2]
[Package Manager] Server::EnsureServerProcessIsRunning -- launch failed, reason: Unity was launched with the -noUpm command-line argument
[Package Manager] UpmClient::Send -- Unable to send message (not connected to UPM process).
[Package Manager] Cannot connect to Unity Package Manager local server
Mono: successfully reloaded assembly
- Finished resetting the current domain, in  0.755 seconds
Domain Reload Profiling: 1533ms
	BeginReloadAssembly (159ms)
		ExecutionOrderSort (0ms)
		DisableScriptedObjects (7ms)
		BackupInstance (0ms)
		ReleaseScriptingObjects (0ms)
		CreateAndSetChildDomain (24ms)
	RebuildCommonClasses (41ms)
	RebuildNativeTypeToScriptingClass (13ms)
	initialDomainReloadingComplete (54ms)
	LoadAllAssembliesAndSetupDomain (510ms)
		LoadAssemblies (364ms)
		RebuildTransferFunctionScriptingTraits (0ms)
		AnalyzeDomain (234ms)
			TypeCache.Refresh (207ms)
				TypeCache.ScanAssembly (190ms)
			ScanForSourceGeneratedMonoScriptInfo (18ms)
			ResolveRequiredComponents (7ms)
	FinalizeReload (755ms)
		ReleaseScriptCaches (0ms)
		RebuildScriptCaches (0ms)
		SetupLoadedEditorAssemblies (568ms)
			LogAssemblyErrors (0ms)
			InitializePlatformSupportModulesInManaged (7ms)
			SetLoadedEditorAssemblies (6ms)
			RefreshPlugins (0ms)
			BeforeProcessingInitializeOnLoad (73ms)
			ProcessInitializeOnLoadAttributes (444ms)
			ProcessInitializeOnLoadMethodAttributes (27ms)
			AfterProcessingInitializeOnLoad (11ms)
			EditorAssembliesLoaded (1ms)
		ExecutionOrderSort2 (0ms)
		AwakeInstancesAfterBackupRestoration (7ms)
Launched and connected shader compiler UnityShaderCompiler.exe after 0.05 seconds
Refreshing native plugins compatible for Editor in 4.70 ms, found 3 plugins.
Preloading 0 native plugins for Editor in 0.00 ms.
Unloading 3293 Unused Serialized files (Serialized files now loaded: 0)
Unloading 56 unused Assets / (136.2 KB). Loaded Objects now: 3763.
Memory consumption went from 136.5 MB to 136.4 MB.
Total: 3.703000 ms (FindLiveObjects: 0.447300 ms CreateObjectMapping: 0.107300 ms MarkObjects: 2.952500 ms  DeleteObjects: 0.194700 ms)

AssetImportParameters requested are different than current active one (requested -> active):
  custom:container-demuxer-ogg: 62fdf1f143b41e24485cea50d1cbac27 -> 
  custom:video-decoder-ogg-theora: a1e56fd34408186e4bbccfd4996cb3dc -> 
  custom:framework-win-MediaFoundation: 216162199b28c13a410421893ffa2e32 -> 
  custom:CustomObjectIndexerAttribute: 756ad292c208cfabdd7b50bc23989ffe -> 
  custom:container-demuxer-webm: 4f35f7cbe854078d1ac9338744f61a02 -> 
  custom:container-muxer-webm: aa71ff27fc2769a1b78a27578f13a17b -> 
  custom:video-decoder-webm-vp8: 9c59270c3fd7afecdb556c50c9e8de78 -> 
  custom:SearchIndexIgnoredProperties: e643bd26f0fe6173181afceb89e7c659 -> 
  custom:AudioImporter_EditorPlatform: d09bf68614088b80899f8185d706f6e7 -> 
  custom:video-encoder-webm-vp8: eb34c28f22e8b96e1ab97ce403110664 -> 
  custom:audio-decoder-ogg-vorbis: bf7c407c2cedff20999df2af8eb42d56 -> 
  custom:audio-encoder-webm-vorbis: bf7c407c2cedff20999df2af8eb42d56 -> 
========================================================================
Received Import Request.
  Time since last request: 37564.630611 seconds.
  path: Assets/TerrainData/TerrainData_1972302b-e956-49d5-98e8-584322a81802.asset
  artifactKey: Guid(4ea990cc7b00cda489856845305b5eb4) Importer(815301076,1909f56bfc062723c751e8b465ee728b)
Start importing Assets/TerrainData/TerrainData_1972302b-e956-49d5-98e8-584322a81802.asset using Guid(4ea990cc7b00cda489856845305b5eb4) Importer(815301076,1909f56bfc062723c751e8b465ee728b)  -> (artifact id: '482ff2fd775738b4a832ee749f765365') in 0.099504 seconds
Number of updated asset objects reloaded before import = 0
Number of asset objects unloaded after import = 3
========================================================================
Received Import Request.
  Time since last request: 0.000016 seconds.
  path: Assets/TerrainData/TerrainData_fa155b58-45a0-4c64-a026-ac85b98794fc.asset
  artifactKey: Guid(e39d3b47bd9bca54ba4e2a7b9138b5c9) Importer(815301076,1909f56bfc062723c751e8b465ee728b)
Start importing Assets/TerrainData/TerrainData_fa155b58-45a0-4c64-a026-ac85b98794fc.asset using Guid(e39d3b47bd9bca54ba4e2a7b9138b5c9) Importer(815301076,1909f56bfc062723c751e8b465ee728b)  -> (artifact id: '5cd69b6b1e3f9a68ca5e755a93537fc0') in 0.019360 seconds
Number of updated asset objects reloaded before import = 0
Number of asset objects unloaded after import = 3
========================================================================
Received Import Request.
  Time since last request: 0.000050 seconds.
  path: Assets/TerrainData/TerrainData_a8848095-4989-423b-8879-6730cabe6b70.asset
  artifactKey: Guid(174ac59a44bc7394590e43b3c8459518) Importer(815301076,1909f56bfc062723c751e8b465ee728b)
Start importing Assets/TerrainData/TerrainData_a8848095-4989-423b-8879-6730cabe6b70.asset using Guid(174ac59a44bc7394590e43b3c8459518) Importer(815301076,1909f56bfc062723c751e8b465ee728b)  -> (artifact id: 'af9470cd0d9c5e30c70e97efe9c55ec7') in 0.017747 seconds
Number of updated asset objects reloaded before import = 0
Number of asset objects unloaded after import = 3
========================================================================
Received Import Request.
  Time since last request: 0.000020 seconds.
  path: Assets/TerrainData/TerrainData_d77a8cf9-d9a1-4122-a5a9-090ffaa63310.asset
  artifactKey: Guid(7202b2a7da900dd44b15fca2440cfa70) Importer(815301076,1909f56bfc062723c751e8b465ee728b)
Start importing Assets/TerrainData/TerrainData_d77a8cf9-d9a1-4122-a5a9-090ffaa63310.asset using Guid(7202b2a7da900dd44b15fca2440cfa70) Importer(815301076,1909f56bfc062723c751e8b465ee728b)  -> (artifact id: '27e810cd789c330e3b630a2dcd0937ec') in 0.025358 seconds
Number of updated asset objects reloaded before import = 0
Number of asset objects unloaded after import = 3
========================================================================
Received Import Request.
  Time since last request: 0.000023 seconds.
  path: Assets/TerrainData/TerrainData_f9775fb1-f57a-42a9-8ebc-761d3d8941ef.asset
  artifactKey: Guid(9dee3e9e595d8f4449418ab125f29286) Importer(815301076,1909f56bfc062723c751e8b465ee728b)
Start importing Assets/TerrainData/TerrainData_f9775fb1-f57a-42a9-8ebc-761d3d8941ef.asset using Guid(9dee3e9e595d8f4449418ab125f29286) Importer(815301076,1909f56bfc062723c751e8b465ee728b)  -> (artifact id: '4bb9682d82e3492af64c91e207933718') in 0.021186 seconds
Number of updated asset objects reloaded before import = 0
Number of asset objects unloaded after import = 3
========================================================================
Received Import Request.
  Time since last request: 0.000049 seconds.
  path: Assets/TerrainData/TerrainData_8240a19e-a6c8-4bb0-8519-c15d9429a921.asset
  artifactKey: Guid(143da3990ace2b246837d00bc128f5e2) Importer(815301076,1909f56bfc062723c751e8b465ee728b)
Start importing Assets/TerrainData/TerrainData_8240a19e-a6c8-4bb0-8519-c15d9429a921.asset using Guid(143da3990ace2b246837d00bc128f5e2) Importer(815301076,1909f56bfc062723c751e8b465ee728b)  -> (artifact id: 'e7e58807a5d231adb3722393be077777') in 0.017970 seconds
Number of updated asset objects reloaded before import = 0
Number of asset objects unloaded after import = 3
========================================================================
Received Import Request.
  Time since last request: 0.000020 seconds.
  path: Assets/TerrainData/TerrainData_dc37ce0c-fe54-47e5-9066-48a63996dea0.asset
  artifactKey: Guid(6072fc141fe80d44aa3ef7920e5a4d2f) Importer(815301076,1909f56bfc062723c751e8b465ee728b)
Start importing Assets/TerrainData/TerrainData_dc37ce0c-fe54-47e5-9066-48a63996dea0.asset using Guid(6072fc141fe80d44aa3ef7920e5a4d2f) Importer(815301076,1909f56bfc062723c751e8b465ee728b)  -> (artifact id: '9f5f500e39fa6c91c1501d1d8a7816e6') in 0.015308 seconds
Number of updated asset objects reloaded before import = 0
Number of asset objects unloaded after import = 3
========================================================================
Received Import Request.
  Time since last request: 0.000018 seconds.
  path: Assets/TerrainData/TerrainData_f4d16dc5-c0a5-43f9-92b2-64136e19023a.asset
  artifactKey: Guid(e1793c07f25ac2c49bd84ec1184e187c) Importer(815301076,1909f56bfc062723c751e8b465ee728b)
Start importing Assets/TerrainData/TerrainData_f4d16dc5-c0a5-43f9-92b2-64136e19023a.asset using Guid(e1793c07f25ac2c49bd84ec1184e187c) Importer(815301076,1909f56bfc062723c751e8b465ee728b)  -> (artifact id: '1da352a328000733fbff02b0638ee3a4') in 0.017017 seconds
Number of updated asset objects reloaded before import = 0
Number of asset objects unloaded after import = 3
========================================================================
Received Import Request.
  Time since last request: 0.000021 seconds.
  path: Assets/TerrainData/TerrainData_b6dedf00-06d6-4cd1-bfab-4c27647cb04c.asset
  artifactKey: Guid(c6e75679f08bf7f4ba242fced4996035) Importer(815301076,1909f56bfc062723c751e8b465ee728b)
Start importing Assets/TerrainData/TerrainData_b6dedf00-06d6-4cd1-bfab-4c27647cb04c.asset using Guid(c6e75679f08bf7f4ba242fced4996035) Importer(815301076,1909f56bfc062723c751e8b465ee728b)  -> (artifact id: '7612273e4973b5cc15f1a11c11275e11') in 0.016255 seconds
Number of updated asset objects reloaded before import = 0
Number of asset objects unloaded after import = 3
========================================================================
Received Import Request.
  Time since last request: 0.564113 seconds.
  path: Assets/TerrainData/TerrainData_3df86a0f-12e3-4b62-95eb-2cf622d05751.asset
  artifactKey: Guid(2866c404c7b09744dadefb1620440307) Importer(815301076,1909f56bfc062723c751e8b465ee728b)
Start importing Assets/TerrainData/TerrainData_3df86a0f-12e3-4b62-95eb-2cf622d05751.asset using Guid(2866c404c7b09744dadefb1620440307) Importer(815301076,1909f56bfc062723c751e8b465ee728b)  -> (artifact id: '9b2444248967b49a9e52c7b3d020bab7') in 0.018773 seconds
Number of updated asset objects reloaded before import = 0
Number of asset objects unloaded after import = 3
========================================================================
Received Import Request.
  Time since last request: 0.229144 seconds.
  path: Assets/TerrainData/TerrainData_5ceadb03-bd33-4537-ac31-76b3c51846ea.asset
  artifactKey: Guid(5fbe3a04f0edd42489e086b909ddc768) Importer(815301076,1909f56bfc062723c751e8b465ee728b)
Start importing Assets/TerrainData/TerrainData_5ceadb03-bd33-4537-ac31-76b3c51846ea.asset using Guid(5fbe3a04f0edd42489e086b909ddc768) Importer(815301076,1909f56bfc062723c751e8b465ee728b)  -> (artifact id: 'bf51e2019e37ecee138dc6a9c186288b') in 0.018151 seconds
Number of updated asset objects reloaded before import = 0
Number of asset objects unloaded after import = 3
========================================================================
Received Import Request.
  Time since last request: 0.000018 seconds.
  path: Assets/TerrainData/TerrainData_0c8e127f-346d-46cd-a2d7-067a407478e8.asset
  artifactKey: Guid(4217649ac7d40984da6ffca090192dc0) Importer(815301076,1909f56bfc062723c751e8b465ee728b)
Start importing Assets/TerrainData/TerrainData_0c8e127f-346d-46cd-a2d7-067a407478e8.asset using Guid(4217649ac7d40984da6ffca090192dc0) Importer(815301076,1909f56bfc062723c751e8b465ee728b)  -> (artifact id: 'f27f657e1fc32258e0c4b126515e49a0') in 0.012765 seconds
Number of updated asset objects reloaded before import = 0
Number of asset objects unloaded after import = 3
========================================================================
Received Import Request.
  Time since last request: 0.027101 seconds.
  path: Assets/TerrainData/TerrainData_2fea3021-3825-4fa9-aae6-8c8d954b3d14.asset
  artifactKey: Guid(dbd37bb5d958caf43bbf8697e42e8a02) Importer(815301076,1909f56bfc062723c751e8b465ee728b)
Start importing Assets/TerrainData/TerrainData_2fea3021-3825-4fa9-aae6-8c8d954b3d14.asset using Guid(dbd37bb5d958caf43bbf8697e42e8a02) Importer(815301076,1909f56bfc062723c751e8b465ee728b)  -> (artifact id: '78f4e683413423c682e43e649c30c0ef') in 0.014172 seconds
Number of updated asset objects reloaded before import = 0
Number of asset objects unloaded after import = 3
========================================================================
Received Import Request.
  Time since last request: 0.000020 seconds.
  path: Assets/TerrainData/TerrainData_2e687b7c-9f00-41df-b6df-3830524875c0.asset
  artifactKey: Guid(68ab5bb9f3f2f8e42950502a0e6bad0a) Importer(815301076,1909f56bfc062723c751e8b465ee728b)
Start importing Assets/TerrainData/TerrainData_2e687b7c-9f00-41df-b6df-3830524875c0.asset using Guid(68ab5bb9f3f2f8e42950502a0e6bad0a) Importer(815301076,1909f56bfc062723c751e8b465ee728b)  -> (artifact id: 'd652e849647daa367d4d5e6b07776198') in 0.020214 seconds
Number of updated asset objects reloaded before import = 0
Number of asset objects unloaded after import = 3
========================================================================
Received Import Request.
  Time since last request: 0.225182 seconds.
  path: Assets/TerrainData/TerrainData_ffa2980c-314f-420b-a172-dac355d30361.asset
  artifactKey: Guid(25e59a2535bf73a43a968049224e8ba7) Importer(815301076,1909f56bfc062723c751e8b465ee728b)
Start importing Assets/TerrainData/TerrainData_ffa2980c-314f-420b-a172-dac355d30361.asset using Guid(25e59a2535bf73a43a968049224e8ba7) Importer(815301076,1909f56bfc062723c751e8b465ee728b)  -> (artifact id: '7e0c31dd54000f0a56ebec9ca0fb52f4') in 0.019258 seconds
Number of updated asset objects reloaded before import = 0
Number of asset objects unloaded after import = 3
========================================================================
Received Import Request.
  Time since last request: 0.055850 seconds.
  path: Assets/TerrainData/TerrainData_9b452d48-80ec-434a-9bb2-2893b2a76afd.asset
  artifactKey: Guid(d18e5426790e4d64fb387d7f31046939) Importer(815301076,1909f56bfc062723c751e8b465ee728b)
Start importing Assets/TerrainData/TerrainData_9b452d48-80ec-434a-9bb2-2893b2a76afd.asset using Guid(d18e5426790e4d64fb387d7f31046939) Importer(815301076,1909f56bfc062723c751e8b465ee728b)  -> (artifact id: 'c043548da1dd6d9d8436d577d22ff00e') in 0.016804 seconds
Number of updated asset objects reloaded before import = 0
Number of asset objects unloaded after import = 3
Editor requested this worker to shutdown with reason: Scaling down because of idle timeout
TcpMessagingSession - receive error: operation aborted. errorcode: 995, details: The I/O operation has been aborted because of either a thread exit or an application request.
AssetImportWorker is now disconnected from the server
Process exiting
Exiting without the bug reporter. Application will terminate with return code 0